<?xml version="1.0" encoding="UTF-8"?>
<!-- Generated by org.testng.reporters.JUnitReportReporter -->
<testsuite hostname="Umesh_DESKTOP-4LB3L2I" failures="0" tests="1" name="scripts.TestCase3" time="20.428" errors="0" timestamp="2023-07-10T08:05:40 EDT" skipped="0">
  <testcase classname="scripts.TestCase3" name="tc3" time="20.428"/>
  <system-out/>
</testsuite> <!-- scripts.TestCase3 -->
