<?xml version="1.0" encoding="UTF-8"?>
<!-- Generated by org.testng.reporters.JUnitReportReporter -->
<testsuite hostname="Umesh_DESKTOP-4LB3L2I" failures="0" tests="1" name="scripts.TestCase1" time="27.468" errors="0" timestamp="2023-06-28T01:26:50 EDT" skipped="0">
  <testcase classname="scripts.TestCase1" name="TestCase1" time="27.468"/>
  <system-out/>
</testsuite> <!-- scripts.TestCase1 -->
